<?xml version="1.0" encoding="UTF-8"?>
<testsuite name="com.adamsoft.cicd.CicdApplicationTests" tests="1" skipped="0" failures="0" errors="0" timestamp="2024-11-18T03:20:36" hostname="DESKTOP-SORJN2M" time="0.558">
  <properties/>
  <testcase name="contextLoads()" classname="com.adamsoft.cicd.CicdApplicationTests" time="0.558"/>
  <system-out><![CDATA[12:20:34.652 [Test worker] INFO org.springframework.test.context.support.AnnotationConfigContextLoaderUtils -- Could not detect default configuration classes for test class [com.adamsoft.cicd.CicdApplicationTests]: CicdApplicationTests does not declare any static, non-private, non-final, nested classes annotated with @Configuration.
12:20:34.751 [Test worker] INFO org.springframework.boot.test.context.SpringBootTestContextBootstrapper -- Found @SpringBootConfiguration com.adamsoft.cicd.CicdApplication for test class com.adamsoft.cicd.CicdApplicationTests

  .   ____          _            __ _ _
 /\\ / ___'_ __ _ _(_)_ __  __ _ \ \ \ \
( ( )\___ | '_ | '_| | '_ \/ _` | \ \ \ \
 \\/  ___)| |_)| | | | | || (_| |  ) ) ) )
  '  |____| .__|_| |_|_| |_\__, | / / / /
 =========|_|==============|___/=/_/_/_/

 :: Spring Boot ::                (v3.3.5)

2024-11-18T12:20:35.115+09:00  INFO 22836 --- [    Test worker] com.adamsoft.cicd.CicdApplicationTests   : Starting CicdApplicationTests using Java 21.0.4 with PID 22836 (started by john3 in C:\cicd-main)
2024-11-18T12:20:35.116+09:00  INFO 22836 --- [    Test worker] com.adamsoft.cicd.CicdApplicationTests   : No active profile set, falling back to 1 default profile: "default"
2024-11-18T12:20:36.379+09:00  INFO 22836 --- [    Test worker] com.adamsoft.cicd.CicdApplicationTests   : Started CicdApplicationTests in 1.503 seconds (process running for 2.512)
]]></system-out>
  <system-err><![CDATA[WARNING: A Java agent has been loaded dynamically (C:\Users\john3\.gradle\caches\modules-2\files-2.1\net.bytebuddy\byte-buddy-agent\1.14.19\154da3a65b4f4a909d3e5bdec55d1b2b4cbb6ce1\byte-buddy-agent-1.14.19.jar)
WARNING: If a serviceability tool is in use, please run with -XX:+EnableDynamicAgentLoading to hide this warning
WARNING: If a serviceability tool is not in use, please run with -Djdk.instrument.traceUsage for more information
WARNING: Dynamic loading of agents will be disallowed by default in a future release
]]></system-err>
</testsuite>
